{"/Users/xavero/Projects/url_shortener/src/app.ts": {"path":"/Users/xavero/Projects/url_shortener/src/app.ts","statementMap":{"0":{"start":{"line":1,"column":0},"end":{"line":1,"column":29}},"1":{"start":{"line":2,"column":0},"end":{"line":2,"column":29}},"2":{"start":{"line":3,"column":0},"end":{"line":3,"column":25}},"3":{"start":{"line":5,"column":0},"end":{"line":5,"column":36}},"4":{"start":{"line":6,"column":0},"end":{"line":6,"column":23}},"5":{"start":{"line":7,"column":0},"end":{"line":7,"column":29}},"6":{"start":{"line":8,"column":0},"end":{"line":8,"column":48}},"7":{"start":{"line":10,"column":12},"end":{"line":10,"column":21}},"8":{"start":{"line":11,"column":0},"end":{"line":11,"column":null}},"9":{"start":{"line":12,"column":0},"end":{"line":12,"column":null}},"10":{"start":{"line":13,"column":0},"end":{"line":13,"column":null}},"11":{"start":{"line":14,"column":0},"end":{"line":14,"column":null}},"12":{"start":{"line":15,"column":0},"end":{"line":15,"column":null}},"13":{"start":{"line":17,"column":0},"end":{"line":17,"column":null}}},"fnMap":{},"branchMap":{},"s":{"0":2,"1":2,"2":2,"3":2,"4":2,"5":2,"6":2,"7":2,"8":2,"9":2,"10":2,"11":2,"12":2,"13":2},"f":{},"b":{}}
,"/Users/xavero/Projects/url_shortener/src/server.ts": {"path":"/Users/xavero/Projects/url_shortener/src/server.ts","statementMap":{"0":{"start":{"line":1,"column":0},"end":{"line":1,"column":23}},"1":{"start":{"line":2,"column":0},"end":{"line":2,"column":47}},"2":{"start":{"line":3,"column":0},"end":{"line":3,"column":38}},"3":{"start":{"line":9,"column":2},"end":{"line":9,"column":null}},"4":{"start":{"line":10,"column":2},"end":{"line":12,"column":null}},"5":{"start":{"line":11,"column":4},"end":{"line":11,"column":null}},"6":{"start":{"line":8,"column":0},"end":{"line":8,"column":7}},"7":{"start":{"line":15,"column":0},"end":{"line":15,"column":null}}},"fnMap":{"0":{"name":"startServer","decl":{"start":{"line":8,"column":22},"end":{"line":8,"column":33}},"loc":{"start":{"line":8,"column":33},"end":{"line":13,"column":1}}},"1":{"name":"(anonymous_2)","decl":{"start":{"line":10,"column":27},"end":{"line":10,"column":30}},"loc":{"start":{"line":10,"column":32},"end":{"line":12,"column":3}}}},"branchMap":{"0":{"loc":{"start":{"line":10,"column":13},"end":{"line":10,"column":17}},"type":"binary-expr","locations":[{"start":{"line":10,"column":13},"end":{"line":10,"column":17}},{"start":{"line":10,"column":21},"end":{"line":10,"column":25}}]},"1":{"loc":{"start":{"line":11,"column":48},"end":{"line":11,"column":52}},"type":"binary-expr","locations":[{"start":{"line":11,"column":48},"end":{"line":11,"column":52}},{"start":{"line":11,"column":56},"end":{"line":11,"column":60}}]}},"s":{"0":0,"1":0,"2":0,"3":0,"4":0,"5":0,"6":0,"7":0},"f":{"0":0,"1":0},"b":{"0":[0,0],"1":[0,0]}}
,"/Users/xavero/Projects/url_shortener/src/config/baseUrl.ts": {"path":"/Users/xavero/Projects/url_shortener/src/config/baseUrl.ts","statementMap":{"0":{"start":{"line":1,"column":13},"end":{"line":1,"column":null}}},"fnMap":{},"branchMap":{},"s":{"0":2},"f":{},"b":{}}
,"/Users/xavero/Projects/url_shortener/src/config/config.ts": {"path":"/Users/xavero/Projects/url_shortener/src/config/config.ts","statementMap":{"0":{"start":{"line":1,"column":0},"end":{"line":1,"column":32}},"1":{"start":{"line":3,"column":0},"end":{"line":5,"column":null}},"2":{"start":{"line":4,"column":2},"end":{"line":4,"column":null}},"3":{"start":{"line":7,"column":15},"end":{"line":7,"column":null}}},"fnMap":{},"branchMap":{"0":{"loc":{"start":{"line":3,"column":0},"end":{"line":5,"column":null}},"type":"if","locations":[{"start":{"line":3,"column":0},"end":{"line":5,"column":null}},{"start":{"line":3,"column":0},"end":{"line":5,"column":null}}]}},"s":{"0":1,"1":1,"2":1,"3":1},"f":{},"b":{"0":[1,0]}}
,"/Users/xavero/Projects/url_shortener/src/controllers/urlShortener.controller.ts": {"path":"/Users/xavero/Projects/url_shortener/src/controllers/urlShortener.controller.ts","statementMap":{"0":{"start":{"line":2,"column":0},"end":{"line":2,"column":34}},"1":{"start":{"line":3,"column":0},"end":{"line":3,"column":51}},"2":{"start":{"line":4,"column":0},"end":{"line":4,"column":44}},"3":{"start":{"line":5,"column":0},"end":{"line":5,"column":51}},"4":{"start":{"line":6,"column":0},"end":{"line":6,"column":43}},"5":{"start":{"line":8,"column":27},"end":{"line":8,"column":61}},"6":{"start":{"line":8,"column":33},"end":{"line":8,"column":61}},"7":{"start":{"line":11,"column":2},"end":{"line":15,"column":3}},"8":{"start":{"line":13,"column":21},"end":{"line":13,"column":72}},"9":{"start":{"line":14,"column":4},"end":{"line":14,"column":null}},"10":{"start":{"line":18,"column":2},"end":{"line":25,"column":3}},"11":{"start":{"line":19,"column":21},"end":{"line":23,"column":6}},"12":{"start":{"line":24,"column":4},"end":{"line":24,"column":null}},"13":{"start":{"line":27,"column":13},"end":{"line":49,"column":null}},"14":{"start":{"line":29,"column":4},"end":{"line":48,"column":null}},"15":{"start":{"line":30,"column":35},"end":{"line":30,"column":43}},"16":{"start":{"line":32,"column":23},"end":{"line":32,"column":53}},"17":{"start":{"line":33,"column":6},"end":{"line":35,"column":null}},"18":{"start":{"line":34,"column":8},"end":{"line":34,"column":null}},"19":{"start":{"line":37,"column":26},"end":{"line":37,"column":44}},"20":{"start":{"line":39,"column":23},"end":{"line":39,"column":49}},"21":{"start":{"line":41,"column":25},"end":{"line":41,"column":92}},"22":{"start":{"line":43,"column":6},"end":{"line":43,"column":null}},"23":{"start":{"line":45,"column":6},"end":{"line":45,"column":null}},"24":{"start":{"line":47,"column":6},"end":{"line":47,"column":null}},"25":{"start":{"line":51,"column":13},"end":{"line":63,"column":null}},"26":{"start":{"line":53,"column":4},"end":{"line":62,"column":null}},"27":{"start":{"line":54,"column":22},"end":{"line":54,"column":31}},"28":{"start":{"line":55,"column":26},"end":{"line":55,"column":88}},"29":{"start":{"line":56,"column":6},"end":{"line":58,"column":null}},"30":{"start":{"line":57,"column":8},"end":{"line":57,"column":null}},"31":{"start":{"line":59,"column":6},"end":{"line":59,"column":null}},"32":{"start":{"line":61,"column":6},"end":{"line":61,"column":null}}},"fnMap":{"0":{"name":"(anonymous_7)","decl":{"start":{"line":8,"column":27},"end":{"line":8,"column":30}},"loc":{"start":{"line":8,"column":33},"end":{"line":8,"column":61}}},"1":{"name":"(anonymous_8)","decl":{"start":{"line":11,"column":2},"end":{"line":11,"column":7}},"loc":{"start":{"line":11,"column":63},"end":{"line":15,"column":3}}},"2":{"name":"(anonymous_9)","decl":{"start":{"line":18,"column":2},"end":{"line":18,"column":7}},"loc":{"start":{"line":18,"column":60},"end":{"line":25,"column":3}}},"3":{"name":"(anonymous_10)","decl":{"start":{"line":28,"column":2},"end":{"line":28,"column":7}},"loc":{"start":{"line":28,"column":75},"end":{"line":49,"column":3}}},"4":{"name":"(anonymous_11)","decl":{"start":{"line":52,"column":2},"end":{"line":52,"column":7}},"loc":{"start":{"line":52,"column":86},"end":{"line":63,"column":3}}}},"branchMap":{"0":{"loc":{"start":{"line":33,"column":6},"end":{"line":35,"column":null}},"type":"if","locations":[{"start":{"line":33,"column":6},"end":{"line":35,"column":null}},{"start":{"line":33,"column":6},"end":{"line":35,"column":null}}]},"1":{"loc":{"start":{"line":55,"column":67},"end":{"line":55,"column":81}},"type":"cond-expr","locations":[{"start":{"line":55,"column":67},"end":{"line":55,"column":81}},{"start":{"line":55,"column":84},"end":{"line":55,"column":86}}]},"2":{"loc":{"start":{"line":56,"column":6},"end":{"line":58,"column":null}},"type":"if","locations":[{"start":{"line":56,"column":6},"end":{"line":58,"column":null}},{"start":{"line":56,"column":6},"end":{"line":58,"column":null}}]}},"s":{"0":2,"1":2,"2":2,"3":2,"4":2,"5":2,"6":4,"7":2,"8":2,"9":2,"10":2,"11":2,"12":2,"13":2,"14":2,"15":2,"16":2,"17":2,"18":2,"19":0,"20":0,"21":0,"22":0,"23":0,"24":0,"25":2,"26":2,"27":2,"28":2,"29":2,"30":1,"31":1,"32":1},"f":{"0":4,"1":2,"2":2,"3":2,"4":2},"b":{"0":[2,0],"1":[1,1],"2":[1,1]}}
,"/Users/xavero/Projects/url_shortener/src/database/connections.ts": {"path":"/Users/xavero/Projects/url_shortener/src/database/connections.ts","statementMap":{"0":{"start":{"line":1,"column":0},"end":{"line":1,"column":57}},"1":{"start":{"line":3,"column":19},"end":{"line":12,"column":null}},"2":{"start":{"line":5,"column":4},"end":{"line":5,"column":null}},"3":{"start":{"line":9,"column":4},"end":{"line":9,"column":null}},"4":{"start":{"line":13,"column":0},"end":{"line":13,"column":null}}},"fnMap":{"0":{"name":"(anonymous_0)","decl":{"start":{"line":4,"column":2},"end":{"line":4,"column":7}},"loc":{"start":{"line":4,"column":14},"end":{"line":6,"column":3}}},"1":{"name":"(anonymous_1)","decl":{"start":{"line":8,"column":2},"end":{"line":8,"column":7}},"loc":{"start":{"line":8,"column":13},"end":{"line":10,"column":3}}}},"branchMap":{},"s":{"0":1,"1":1,"2":1,"3":1,"4":1},"f":{"0":1,"1":1},"b":{}}
,"/Users/xavero/Projects/url_shortener/src/errors/ErrorHandler.ts": {"path":"/Users/xavero/Projects/url_shortener/src/errors/ErrorHandler.ts","statementMap":{"0":{"start":{"line":2,"column":0},"end":{"line":2,"column":43}},"1":{"start":{"line":10,"column":2},"end":{"line":14,"column":null}},"2":{"start":{"line":11,"column":4},"end":{"line":13,"column":null}},"3":{"start":{"line":16,"column":2},"end":{"line":18,"column":null}},"4":{"start":{"line":4,"column":0},"end":{"line":4,"column":24}}},"fnMap":{"0":{"name":"errorHandler","decl":{"start":{"line":4,"column":24},"end":{"line":4,"column":36}},"loc":{"start":{"line":8,"column":20},"end":{"line":19,"column":1}}}},"branchMap":{"0":{"loc":{"start":{"line":10,"column":2},"end":{"line":14,"column":null}},"type":"if","locations":[{"start":{"line":10,"column":2},"end":{"line":14,"column":null}},{"start":{"line":10,"column":2},"end":{"line":14,"column":null}}]}},"s":{"0":2,"1":2,"2":2,"3":0,"4":2},"f":{"0":2},"b":{"0":[2,0]}}
,"/Users/xavero/Projects/url_shortener/src/errors/HttpException.ts": {"path":"/Users/xavero/Projects/url_shortener/src/errors/HttpException.ts","statementMap":{"0":{"start":{"line":7,"column":4},"end":{"line":7,"column":null}},"1":{"start":{"line":8,"column":4},"end":{"line":8,"column":null}},"2":{"start":{"line":12,"column":0},"end":{"line":12,"column":null}}},"fnMap":{"0":{"name":"(anonymous_0)","decl":{"start":{"line":6,"column":2},"end":{"line":6,"column":14}},"loc":{"start":{"line":6,"column":47},"end":{"line":9,"column":3}}}},"branchMap":{"0":{"loc":{"start":{"line":6,"column":44},"end":{"line":6,"column":47}},"type":"default-arg","locations":[{"start":{"line":6,"column":44},"end":{"line":6,"column":47}}]}},"s":{"0":3,"1":3,"2":3},"f":{"0":3},"b":{"0":[0]}}
,"/Users/xavero/Projects/url_shortener/src/middlewares/urlValidation.ts": {"path":"/Users/xavero/Projects/url_shortener/src/middlewares/urlValidation.ts","statementMap":{"0":{"start":{"line":2,"column":0},"end":{"line":2,"column":21}},"1":{"start":{"line":3,"column":0},"end":{"line":3,"column":51}},"2":{"start":{"line":5,"column":15},"end":{"line":10,"column":2}},"3":{"start":{"line":12,"column":13},"end":{"line":20,"column":null}},"4":{"start":{"line":14,"column":4},"end":{"line":19,"column":null}},"5":{"start":{"line":15,"column":6},"end":{"line":15,"column":null}},"6":{"start":{"line":16,"column":6},"end":{"line":16,"column":null}},"7":{"start":{"line":18,"column":6},"end":{"line":18,"column":null}}},"fnMap":{"0":{"name":"(anonymous_1)","decl":{"start":{"line":13,"column":2},"end":{"line":13,"column":7}},"loc":{"start":{"line":13,"column":75},"end":{"line":20,"column":3}}}},"branchMap":{},"s":{"0":3,"1":3,"2":3,"3":3,"4":5,"5":5,"6":3,"7":2},"f":{"0":5},"b":{}}
,"/Users/xavero/Projects/url_shortener/src/models/UrlShort.model.ts": {"path":"/Users/xavero/Projects/url_shortener/src/models/UrlShort.model.ts","statementMap":{"0":{"start":{"line":1,"column":0},"end":{"line":1,"column":66}},"1":{"start":{"line":4,"column":0},"end":{"line":18,"column":null}},"2":{"start":{"line":7,"column":2},"end":{"line":7,"column":null}},"3":{"start":{"line":10,"column":2},"end":{"line":10,"column":null}},"4":{"start":{"line":13,"column":2},"end":{"line":13,"column":null}},"5":{"start":{"line":16,"column":2},"end":{"line":16,"column":null}},"6":{"start":{"line":4,"column":13},"end":{"line":18,"column":null}},"7":{"start":{"line":4,"column":13},"end":{"line":4,"column":21}}},"fnMap":{},"branchMap":{},"s":{"0":2,"1":2,"2":2,"3":2,"4":2,"5":2,"6":2,"7":2},"f":{},"b":{}}
,"/Users/xavero/Projects/url_shortener/src/routes/index.ts": {"path":"/Users/xavero/Projects/url_shortener/src/routes/index.ts","statementMap":{"0":{"start":{"line":1,"column":0},"end":{"line":1,"column":32}},"1":{"start":{"line":2,"column":0},"end":{"line":2,"column":36}},"2":{"start":{"line":4,"column":15},"end":{"line":4,"column":23}},"3":{"start":{"line":6,"column":0},"end":{"line":6,"column":null}},"4":{"start":{"line":8,"column":0},"end":{"line":8,"column":null}}},"fnMap":{},"branchMap":{},"s":{"0":2,"1":2,"2":2,"3":2,"4":2},"f":{},"b":{}}
,"/Users/xavero/Projects/url_shortener/src/routes/url.routes.ts": {"path":"/Users/xavero/Projects/url_shortener/src/routes/url.routes.ts","statementMap":{"0":{"start":{"line":1,"column":0},"end":{"line":1,"column":32}},"1":{"start":{"line":2,"column":0},"end":{"line":2,"column":86}},"2":{"start":{"line":3,"column":0},"end":{"line":3,"column":58}},"3":{"start":{"line":5,"column":18},"end":{"line":5,"column":26}},"4":{"start":{"line":7,"column":0},"end":{"line":7,"column":null}},"5":{"start":{"line":8,"column":0},"end":{"line":8,"column":null}},"6":{"start":{"line":10,"column":0},"end":{"line":10,"column":null}}},"fnMap":{},"branchMap":{},"s":{"0":2,"1":2,"2":2,"3":2,"4":2,"5":2,"6":2},"f":{},"b":{}}
}
