TN:
SF:src/app.ts
FNF:0
FNH:0
DA:1,2
DA:2,2
DA:3,2
DA:5,2
DA:6,2
DA:7,2
DA:8,2
DA:10,2
DA:11,2
DA:12,2
DA:13,2
DA:14,2
DA:15,2
DA:17,2
LF:14
LH:14
BRF:0
BRH:0
end_of_record
TN:
SF:src/server.ts
FN:8,startServer
FN:10,(anonymous_2)
FNF:2
FNH:0
FNDA:0,startServer
FNDA:0,(anonymous_2)
DA:1,0
DA:2,0
DA:3,0
DA:8,0
DA:9,0
DA:10,0
DA:11,0
DA:15,0
LF:8
LH:0
BRDA:10,0,0,0
BRDA:10,0,1,0
BRDA:11,1,0,0
BRDA:11,1,1,0
BRF:4
BRH:0
end_of_record
TN:
SF:src/config/baseUrl.ts
FNF:0
FNH:0
DA:1,2
LF:1
LH:1
BRF:0
BRH:0
end_of_record
TN:
SF:src/config/config.ts
FNF:0
FNH:0
DA:1,1
DA:3,1
DA:4,1
DA:7,1
LF:4
LH:4
BRDA:3,0,0,1
BRDA:3,0,1,0
BRF:2
BRH:1
end_of_record
TN:
SF:src/controllers/urlShortener.controller.ts
FN:8,(anonymous_7)
FN:11,(anonymous_8)
FN:18,(anonymous_9)
FN:28,(anonymous_10)
FN:52,(anonymous_11)
FNF:5
FNH:5
FNDA:4,(anonymous_7)
FNDA:2,(anonymous_8)
FNDA:2,(anonymous_9)
FNDA:2,(anonymous_10)
FNDA:2,(anonymous_11)
DA:2,2
DA:3,2
DA:4,2
DA:5,2
DA:6,2
DA:8,4
DA:11,2
DA:13,2
DA:14,2
DA:18,2
DA:19,2
DA:24,2
DA:27,2
DA:29,2
DA:30,2
DA:32,2
DA:33,2
DA:34,2
DA:37,0
DA:39,0
DA:41,0
DA:43,0
DA:45,0
DA:47,0
DA:51,2
DA:53,2
DA:54,2
DA:55,2
DA:56,2
DA:57,1
DA:59,1
DA:61,1
LF:32
LH:26
BRDA:33,0,0,2
BRDA:33,0,1,0
BRDA:55,1,0,1
BRDA:55,1,1,1
BRDA:56,2,0,1
BRDA:56,2,1,1
BRF:6
BRH:5
end_of_record
TN:
SF:src/database/connections.ts
FN:4,(anonymous_0)
FN:8,(anonymous_1)
FNF:2
FNH:2
FNDA:1,(anonymous_0)
FNDA:1,(anonymous_1)
DA:1,1
DA:3,1
DA:5,1
DA:9,1
DA:13,1
LF:5
LH:5
BRF:0
BRH:0
end_of_record
TN:
SF:src/errors/ErrorHandler.ts
FN:4,errorHandler
FNF:1
FNH:1
FNDA:2,errorHandler
DA:2,2
DA:4,2
DA:10,2
DA:11,2
DA:16,0
LF:5
LH:4
BRDA:10,0,0,2
BRDA:10,0,1,0
BRF:2
BRH:1
end_of_record
TN:
SF:src/errors/HttpException.ts
FN:6,(anonymous_0)
FNF:1
FNH:1
FNDA:3,(anonymous_0)
DA:7,3
DA:8,3
DA:12,3
LF:3
LH:3
BRDA:6,0,0,0
BRF:1
BRH:0
end_of_record
TN:
SF:src/middlewares/urlValidation.ts
FN:13,(anonymous_1)
FNF:1
FNH:1
FNDA:5,(anonymous_1)
DA:2,3
DA:3,3
DA:5,3
DA:12,3
DA:14,5
DA:15,5
DA:16,3
DA:18,2
LF:8
LH:8
BRF:0
BRH:0
end_of_record
TN:
SF:src/models/UrlShort.model.ts
FNF:0
FNH:0
DA:1,2
DA:4,2
DA:7,2
DA:10,2
DA:13,2
DA:16,2
LF:6
LH:6
BRF:0
BRH:0
end_of_record
TN:
SF:src/routes/index.ts
FNF:0
FNH:0
DA:1,2
DA:2,2
DA:4,2
DA:6,2
DA:8,2
LF:5
LH:5
BRF:0
BRH:0
end_of_record
TN:
SF:src/routes/url.routes.ts
FNF:0
FNH:0
DA:1,2
DA:2,2
DA:3,2
DA:5,2
DA:7,2
DA:8,2
DA:10,2
LF:7
LH:7
BRF:0
BRH:0
end_of_record
